proguard/seeds.txt
com.dexnamic.alwayscharged.AdvancedPreferences
com.dexnamic.alwayscharged.AlarmActivity
com.dexnamic.alwayscharged.AlarmReceiver
com.dexnamic.alwayscharged.AlarmService
com.dexnamic.alwayscharged.EditAlarmPreferenceActivity
com.dexnamic.alwayscharged.EditAlarmPreferenceActivity: void onClick(android.view.View)
com.dexnamic.alwayscharged.ListAlarmsActivity
com.dexnamic.alwayscharged.ListAlarmsActivity: void onClick(android.view.View)
com.dexnamic.alwayscharged.MainPreferenceActivity
com.dexnamic.alwayscharged.MyPrefsBackupAgent
com.dexnamic.alwayscharged.PowerReceiver
com.dexnamic.alwayscharged.PowerSnoozeService
com.dexnamic.alwayscharged.R$array: int entries_duration
com.dexnamic.alwayscharged.R$array: int entries_motion_tolerance
com.dexnamic.alwayscharged.R$array: int entries_snooze
com.dexnamic.alwayscharged.R$array: int entryvalues_duration
com.dexnamic.alwayscharged.R$array: int entryvalues_motion_tolerance
com.dexnamic.alwayscharged.R$array: int entryvalues_snooze
com.dexnamic.alwayscharged.R$array: int pref_days_of_week
com.dexnamic.alwayscharged.R$array: int pref_days_of_week_values
com.dexnamic.alwayscharged.R$attr: int checkAll
com.dexnamic.alwayscharged.R$attr: int separator
com.dexnamic.alwayscharged.R$color: int android_blue
com.dexnamic.alwayscharged.R$color: int black
com.dexnamic.alwayscharged.R$color: int white
com.dexnamic.alwayscharged.R$drawable: int battery
com.dexnamic.alwayscharged.R$drawable: int ic_stat_notify
com.dexnamic.alwayscharged.R$drawable: int layout_selector
com.dexnamic.alwayscharged.R$id: int add_alarm
com.dexnamic.alwayscharged.R$id: int alarm_label
com.dexnamic.alwayscharged.R$id: int alarm_repeat
com.dexnamic.alwayscharged.R$id: int alarm_summary
com.dexnamic.alwayscharged.R$id: int alarm_time
com.dexnamic.alwayscharged.R$id: int buttonCancel
com.dexnamic.alwayscharged.R$id: int buttonDelete
com.dexnamic.alwayscharged.R$id: int buttonOK
com.dexnamic.alwayscharged.R$id: int buy_button
com.dexnamic.alwayscharged.R$id: int changelog_layout_root
com.dexnamic.alwayscharged.R$id: int changelog_text
com.dexnamic.alwayscharged.R$id: int checkBox
com.dexnamic.alwayscharged.R$id: int checkbox_wrapper
com.dexnamic.alwayscharged.R$id: int content
com.dexnamic.alwayscharged.R$id: int email_dev
com.dexnamic.alwayscharged.R$id: int first_time_layout_root
com.dexnamic.alwayscharged.R$id: int first_time_text
com.dexnamic.alwayscharged.R$id: int linearLayout1
com.dexnamic.alwayscharged.R$id: int upgrade_justification
com.dexnamic.alwayscharged.R$id: int upgrade_layout_root
com.dexnamic.alwayscharged.R$id: int upgrade_reason
com.dexnamic.alwayscharged.R$layout: int alarm_detail
com.dexnamic.alwayscharged.R$layout: int alarm_item
com.dexnamic.alwayscharged.R$layout: int alarm_list
com.dexnamic.alwayscharged.R$layout: int alert
com.dexnamic.alwayscharged.R$layout: int changelog_dialog
com.dexnamic.alwayscharged.R$layout: int first_time_dialog
com.dexnamic.alwayscharged.R$layout: int upgrade
com.dexnamic.alwayscharged.R$menu: int options
...
com.android.vending.billing.IMarketBillingService
com.android.vending.billing.IMarketBillingService$Stub
com.android.vending.billing.IMarketBillingService$Stub$Proxy
com.dexnamic.android.preference.ListPreferenceMultiSelect
com.dexnamic.android.preference.ListPreferenceMultiSelect: ListPreferenceMultiSelect(android.content.Context,android.util.AttributeSet)