proguard/mapping.txt
com.dexnamic.alwayscharged.AdvancedPreferences -> com.dexnamic.alwayscharged.AdvancedPreferences:
    android.preference.ListPreference mListPreferenceSnooze -> b
    android.preference.ListPreference mListPreferenceDuration -> c
    android.preference.ListPreference mListPreferenceMotion -> d
    java.lang.Boolean mHasPurchased -> e
    android.preference.Preference$OnPreferenceChangeListener mOnPreferenceChangedListener -> a
    void onCreate(android.os.Bundle) -> onCreate
    void onResume() -> onResume
    void upgradeToPro() -> a
    void onPause() -> onPause
    void setMotionToleranceSummary(java.lang.String) -> a
    void onSharedPreferenceChanged(android.content.SharedPreferences,java.lang.String) -> onSharedPreferenceChanged
    android.preference.ListPreference access$0(com.dexnamic.alwayscharged.AdvancedPreferences) -> a
    android.preference.ListPreference access$1(com.dexnamic.alwayscharged.AdvancedPreferences) -> b
    android.preference.ListPreference access$2(com.dexnamic.alwayscharged.AdvancedPreferences) -> c
    void access$3(com.dexnamic.alwayscharged.AdvancedPreferences,java.lang.String) -> a
com.dexnamic.alwayscharged.AdvancedPreferences$1 -> com.dexnamic.alwayscharged.a:
    com.dexnamic.alwayscharged.AdvancedPreferences this$0 -> a
    boolean onPreferenceChange(android.preference.Preference,java.lang.Object) -> onPreferenceChange
com.dexnamic.alwayscharged.Alarm -> com.dexnamic.alwayscharged.b:
    java.lang.Integer ID -> a
    java.lang.Boolean enabled -> b
    java.lang.String label -> c
    java.lang.Integer hour -> d
    java.lang.Integer minute -> e
    java.lang.Integer repeats -> f
    java.lang.String ringtone -> g
    java.lang.Boolean vibrate -> h
    com.dexnamic.alwayscharged.Alarm clone() -> a
    boolean equals(java.lang.Object) -> equals
    java.lang.String toString() -> toString
    java.lang.String getLabel() -> b
    void setLabel(java.lang.String) -> a
    java.lang.Integer getHour() -> c
    void setHour(java.lang.Integer) -> a
    java.lang.Integer getMinute() -> d
    void setMinute(java.lang.Integer) -> b
    java.lang.Integer getRepeats() -> e
    java.lang.Boolean getRepeats(java.lang.Integer) -> c
    void setRepeats(java.lang.Integer) -> d
    java.lang.String getRingtone() -> f
    void setRingtone(java.lang.String) -> b
    java.lang.Boolean getVibrate() -> g
    void setVibrate(java.lang.Boolean) -> a
    java.lang.Integer getID() -> h
    void setID(java.lang.Integer) -> e
    java.lang.Boolean getEnabled() -> i
    void setEnabled(boolean) -> a
    java.lang.CharSequence getTime(android.content.Context) -> a
    java.lang.String repeatToString(int) -> a
    java.lang.String formatTime(android.content.Context,int,int) -> a
    java.lang.String getRingerName(android.content.Context) -> b
    java.lang.Object clone() -> clone
...
com.android.vending.billing.IMarketBillingService -> com.android.vending.billing.IMarketBillingService:
    android.os.Bundle sendBillingRequest(android.os.Bundle) -> a
com.android.vending.billing.IMarketBillingService$Stub -> com.android.vending.billing.IMarketBillingService$Stub:
    com.android.vending.billing.IMarketBillingService asInterface(android.os.IBinder) -> a
    boolean onTransact(int,android.os.Parcel,android.os.Parcel,int) -> onTransact
com.android.vending.billing.IMarketBillingService$Stub$Proxy -> com.android.vending.billing.IMarketBillingService$Stub$Proxy:
    android.os.IBinder mRemote -> a
    android.os.IBinder asBinder() -> asBinder
    android.os.Bundle sendBillingRequest(android.os.Bundle) -> a
com.dexnamic.android.preference.ListPreferenceMultiSelect -> com.dexnamic.android.preference.ListPreferenceMultiSelect:
    java.lang.String separator -> a
    java.lang.String checkAllKey -> b
    boolean[] mClickedDialogEntryIndices -> c
    void setEntries(java.lang.CharSequence[]) -> setEntries
    void onPrepareDialogBuilder(android.app.AlertDialog$Builder) -> onPrepareDialogBuilder
    boolean isCheckAllValue(int) -> a
    void checkAll(android.content.DialogInterface,boolean) -> a
    java.lang.String[] parseStoredValue(java.lang.CharSequence) -> a
    void restoreCheckedEntries() -> a
    void onDialogClosed(boolean) -> onDialogClosed
    java.lang.String join(java.lang.Iterable,java.lang.String) -> a
    boolean access$0(com.dexnamic.android.preference.ListPreferenceMultiSelect,int) -> a
    void access$1(com.dexnamic.android.preference.ListPreferenceMultiSelect,android.content.DialogInterface,boolean) -> a
    boolean[] access$2(com.dexnamic.android.preference.ListPreferenceMultiSelect) -> a
com.dexnamic.android.preference.ListPreferenceMultiSelect$1 -> com.dexnamic.android.preference.a:
    com.dexnamic.android.preference.ListPreferenceMultiSelect this$0 -> a
    void onClick(android.content.DialogInterface,int,boolean) -> onClick