proguard/usage.txt
com.dexnamic.alwayscharged.Alarm:
    private static final long serialVersionUID
    112:118:public void setRepeats(java.lang.Integer,java.lang.Boolean)
com.dexnamic.alwayscharged.AlarmActivity:
    private static final int MSG_TIMEOUT
    private static final int MSG_UP_VOLUME
    static final int DIALOG_ALERT_ID
com.dexnamic.alwayscharged.AlarmReceiver:
    76:82:public static void startPowerSnoozeService(android.content.Context,com.dexnamic.alwayscharged.Alarm)
com.dexnamic.alwayscharged.AlarmService:
    private static final int SENSOR_STABILZE_WAIT_TIME_MS
    private static final int MSG_TIMEOUT
    private static final int MSG_STABILZE
    private static final java.lang.String KEY_AZIMUTH
    private static final java.lang.String KEY_PITCH
    private static final java.lang.String KEY_ROLL
com.dexnamic.alwayscharged.BuildConfig
com.dexnamic.alwayscharged.DatabaseHelper:
    private static final java.lang.String DATABASE_NAME
    private static final int DATABASE_VERSION
    private static final java.lang.String TABLE_ALARMS
    public static final java.lang.String KEY_ID
    static final java.lang.String KEY_ENABLED
    static final java.lang.String KEY_LABEL
    static final java.lang.String KEY_HOUR
    static final java.lang.String KEY_MINUTE
    static final java.lang.String KEY_REPEATS
    static final java.lang.String KEY_RINGTONE
    static final java.lang.String KEY_VIBRATE
com.dexnamic.alwayscharged.EditAlarmPreferenceActivity:
    static final int TIME_DIALOG_ID
com.dexnamic.alwayscharged.MainPreferenceActivity:
    static final int FIRST_TIME_DIALOG_ID
    static final int ABOUT_DIAlOG_ID
    static final int CHANGELOG_DIALOG_ID
    static final int UPGRADE_DIALOG_ID
    static final java.lang.String TAG
    public static final java.lang.String KEY_UPGRADE
    public static final java.lang.String KEY_SET_ALARM
    public static final java.lang.String KEY_ADVANCED
    public static final java.lang.String KEY_FIRST_TIME
    public static final java.lang.String KEY_ABOUT
    public static final java.lang.String KEY_VERSION_CODE
    public static final java.lang.String KEY_SNOOZE_TIME_MIN
    public static final java.lang.String KEY_DURATION
    public static final java.lang.String KEY_MOTION_TOLERANCE
    public static final java.lang.String KEY_REPEAT_COUNT
    public static final int TIMES_TO_REPEAT
com.dexnamic.alwayscharged.MyPrefsBackupAgent:
    static final java.lang.String PREFS
    static final java.lang.String PREFS_BACKUP_KEY
com.dexnamic.alwayscharged.PowerSnoozeService:
    public static android.os.PowerManager$WakeLock mWakeLock
com.dexnamic.alwayscharged.R:
    10:10:public R()
com.dexnamic.alwayscharged.R$array
com.dexnamic.alwayscharged.R$attr
com.dexnamic.alwayscharged.R$color
com.dexnamic.alwayscharged.R$drawable
com.dexnamic.alwayscharged.R$id
com.dexnamic.alwayscharged.R$layout
com.dexnamic.alwayscharged.R$menu
com.dexnamic.alwayscharged.R$string
com.dexnamic.alwayscharged.R$styleable:
    166:166:public R$styleable()
com.dexnamic.alwayscharged.R$xml
com.dexnamic.alwayscharged.Scheduler:
    static final java.lang.String TYPE_ALARM
    static final java.lang.String TYPE_SNOOZE
    static final java.lang.String TYPE_NOTIFY
    static final java.lang.String KEY_POWER_SNOOZE
    static final int NOTIFY_SNOOZE
    18:18:public Scheduler()
com.dexnamic.alwayscharged.billing.BillingReceiver:
    private static final java.lang.String TAG
com.dexnamic.alwayscharged.billing.BillingService:
    private static final java.lang.String TAG
    499:499:public boolean checkBillingSupported(java.lang.String)
com.dexnamic.alwayscharged.billing.BillingService$CheckBillingSupported:
    213:216:public BillingService$CheckBillingSupported(com.dexnamic.alwayscharged.billing.BillingService,java.lang.String)
...
android.annotation.SuppressLint
android.annotation.TargetApi
com.android.vending.billing.IMarketBillingService$Stub:
    private static final java.lang.String DESCRIPTOR
    static final int TRANSACTION_sendBillingRequest
    34:34:public android.os.IBinder asBinder()
com.android.vending.billing.IMarketBillingService$Stub$Proxy:
    82:82:public java.lang.String getInterfaceDescriptor()
com.dexnamic.android.preference.ListPreferenceMultiSelect:
    private static final java.lang.String DEFAULT_SEPARATOR
    68:69:public ListPreferenceMultiSelect(android.content.Context)
    183:192:public static boolean contains(java.lang.String,java.lang.String,java.lang.String)